<?xml version="1.0" encoding="UTF-8"?>
<!-- Generated by org.testng.reporters.JUnitXMLReporter -->
<testsuite ignored="0" hostname="DESKTOP-G8IB09C" failures="0" tests="7" name="Report" time="18.611" errors="0" timestamp="2023-01-06T00:53:59 IST">
  <testcase classname="jan3.SecondtestNGclass" name="addition" time="0.626"/>
  <testcase classname="jan3.FirsttestNGclass" name="cbanking" time="3.363"/>
  <testcase classname="jan3.SecondtestNGclass" name="division" time="0.368"/>
  <testcase classname="jan3.FirsttestNGclass" name="ibanking" time="3.34"/>
  <testcase classname="jan3.SecondtestNGclass" name="multiplication" time="0.384"/>
  <testcase classname="jan3.FirsttestNGclass" name="pbanking" time="4.029"/>
  <testcase classname="jan3.SecondtestNGclass" name="sbustraction" time="0.586"/>
</testsuite> <!-- Report -->
