<?xml version="1.0" encoding="UTF-8"?>
<!-- Generated by org.testng.reporters.JUnitXMLReporter -->
<testsuite ignored="0" hostname="DESKTOP-G8IB09C" failures="0" tests="5" name="Chrometest" time="36.538" errors="0" timestamp="2023-01-06T03:35:38 IST">
  <testcase classname="jan5.Using_parameter" name="verify_login" time="18.05"/>
  <testcase classname="jan5.Using_parameter" name="verify_login" time="3.372"/>
  <testcase classname="jan5.Using_parameter" name="verify_login" time="4.457"/>
  <testcase classname="jan5.Using_parameter" name="verify_login" time="3.211"/>
  <testcase classname="jan5.Using_parameter" name="verify_login" time="3.665"/>
</testsuite> <!-- Chrometest -->
