<?xml version="1.0" encoding="UTF-8"?>
<!-- Generated by org.testng.reporters.JUnitXMLReporter -->
<testsuite ignored="0" hostname="DESKTOP-G8IB09C" failures="0" tests="5" name="Firefoxtest" time="24.699" errors="0" timestamp="2023-01-06T03:36:02 IST">
  <testcase classname="jan5.Using_parameter" name="verify_login" time="8.724"/>
  <testcase classname="jan5.Using_parameter" name="verify_login" time="1.93"/>
  <testcase classname="jan5.Using_parameter" name="verify_login" time="1.694"/>
  <testcase classname="jan5.Using_parameter" name="verify_login" time="1.626"/>
  <testcase classname="jan5.Using_parameter" name="verify_login" time="1.931"/>
</testsuite> <!-- Firefoxtest -->
