<?xml version="1.0" encoding="UTF-8"?>
<!-- Generated by org.testng.reporters.JUnitXMLReporter -->
<testsuite ignored="3" hostname="DESKTOP-G8IB09C" failures="0" tests="1" name="Default test(failed)(failed)" time="5.115" errors="0" timestamp="2023-01-05T02:02:05 IST">
  <testcase classname="jan3.SecondtestNGclass" name="addition" time="0.503"/>
  <testcase classname="jan3.SecondtestNGclass" name="sbustraction" time="0.0">
    <ignored/>
  </testcase> <!-- sbustraction -->
  <testcase classname="jan3.SecondtestNGclass" name="division" time="0.0">
    <ignored/>
  </testcase> <!-- division -->
  <testcase classname="jan3.SecondtestNGclass" name="multiplication" time="0.0">
    <ignored/>
  </testcase> <!-- multiplication -->
</testsuite> <!-- Default test(failed)(failed) -->
