<?xml version="1.0" encoding="UTF-8"?>
<!-- Generated by org.testng.reporters.JUnitXMLReporter -->
<testsuite ignored="0" hostname="DESKTOP-G8IB09C" failures="0" tests="3" name="Test1" time="14.127" errors="0" timestamp="2023-01-06T01:27:40 IST">
  <testcase classname="jan3.FirsttestNGclass" name="cbanking" time="3.419"/>
  <testcase classname="jan3.FirsttestNGclass" name="ibanking" time="3.631"/>
  <testcase classname="jan3.FirsttestNGclass" name="pbanking" time="3.698"/>
</testsuite> <!-- Test1 -->
