<?xml version="1.0" encoding="UTF-8"?>
<!-- Generated by org.testng.reporters.JUnitXMLReporter -->
<testsuite ignored="0" hostname="DESKTOP-G8IB09C" failures="0" tests="4" name="Test2" time="15.96" errors="0" timestamp="2023-01-06T01:27:56 IST">
  <testcase classname="jan3.Primus" name="login" time="4.255"/>
  <testcase classname="jan3.Primus" name="login" time="4.115"/>
  <testcase classname="jan3.Primus" name="login" time="3.407"/>
  <testcase classname="jan3.Primus" name="login" time="4.159"/>
</testsuite> <!-- Test2 -->
